[2022-04-22 10:33:12][16] Processing: App\Jobs\SendBookingEmailJob
[2022-04-22 10:33:18][16] Processed:  App\Jobs\SendBookingEmailJob
[2022-04-22 10:33:18][18] Processing: App\Jobs\SendBookingRequestEmailJob
[2022-04-22 10:33:22][18] Processed:  App\Jobs\SendBookingRequestEmailJob
[2022-04-22 10:44:26][20] Processing: App\Jobs\SendBookingEmailJob
[2022-04-22 10:44:32][20] Processed:  App\Jobs\SendBookingEmailJob
[2022-04-22 10:44:32][21] Processing: App\Jobs\SendBookingRequestEmailJob
[2022-04-22 10:44:37][21] Processed:  App\Jobs\SendBookingRequestEmailJob
[2022-04-22 10:47:28][22] Processing: App\Jobs\SendBookingEmailJob
[2022-04-22 10:47:38][22] Processed:  App\Jobs\SendBookingEmailJob
[2022-04-22 10:47:38][23] Processing: App\Jobs\SendBookingEmailJob
[2022-04-22 10:47:48][23] Processed:  App\Jobs\SendBookingEmailJob
[2022-04-22 10:47:48][24] Processing: App\Jobs\SendBookingRequestEmailJob
[2022-04-22 10:47:53][24] Processed:  App\Jobs\SendBookingRequestEmailJob
[2022-04-22 11:07:16][25] Processing: App\Jobs\SendBookingEmailJob
[2022-04-22 11:07:22][25] Processed:  App\Jobs\SendBookingEmailJob
[2022-04-22 11:07:22][26] Processing: App\Jobs\SendBookingEmailJob
[2022-04-22 11:07:27][26] Processed:  App\Jobs\SendBookingEmailJob
[2022-04-22 11:07:27][27] Processing: App\Jobs\SendBookingRequestEmailJob
[2022-04-22 11:07:32][27] Processed:  App\Jobs\SendBookingRequestEmailJob
[2022-04-22 12:17:24][28] Processing: App\Jobs\SendBookingRequestEmailJob
[2022-04-22 12:17:29][28] Processed:  App\Jobs\SendBookingRequestEmailJob
[2022-04-22 12:34:13][29] Processing: App\Jobs\SendBookingRequestEmailJob
[2022-04-22 12:34:18][29] Processed:  App\Jobs\SendBookingRequestEmailJob
[2022-04-22 16:19:48][16] Processing: App\Jobs\SendBookingEmailJob
[2022-04-22 16:19:53][16] Processed:  App\Jobs\SendBookingEmailJob
[2022-04-22 16:19:53][17] Processing: App\Jobs\SendBookingEmailJob
[2022-04-22 16:19:58][17] Processed:  App\Jobs\SendBookingEmailJob
[2022-04-22 16:19:58][18] Processing: App\Jobs\SendBookingRequestEmailJob
[2022-04-22 16:20:03][18] Processed:  App\Jobs\SendBookingRequestEmailJob
[2022-04-22 16:20:03][19] Processing: App\Jobs\SendBookingRequestEmailJob
[2022-04-22 16:20:08][19] Processed:  App\Jobs\SendBookingRequestEmailJob
[2022-04-22 16:20:08][20] Processing: App\Jobs\SendTenMinAlertEmailJob
[2022-04-22 16:20:08][20] Failed:     App\Jobs\SendTenMinAlertEmailJob
[2022-04-22 16:20:08][21] Processing: App\Jobs\SendTenMinAlertEmailJob
[2022-04-22 16:20:08][21] Failed:     App\Jobs\SendTenMinAlertEmailJob
[2022-04-22 16:20:08][22] Processing: App\Jobs\SendTenMinAlertEmailJob
[2022-04-22 16:20:08][22] Failed:     App\Jobs\SendTenMinAlertEmailJob
[2022-04-22 16:20:08][23] Processing: App\Jobs\SendTenMinAlertEmailJob
[2022-04-22 16:20:08][23] Failed:     App\Jobs\SendTenMinAlertEmailJob
[2022-04-22 16:20:08][24] Processing: App\Jobs\SendTenMinAlertEmailJob
[2022-04-22 16:20:08][24] Failed:     App\Jobs\SendTenMinAlertEmailJob
[2022-04-22 16:20:08][25] Processing: App\Jobs\SendTenMinAlertEmailJob
[2022-04-22 16:20:08][25] Failed:     App\Jobs\SendTenMinAlertEmailJob
[2022-04-22 16:21:17][26] Processing: App\Jobs\SendTenMinAlertEmailJob
[2022-04-22 16:21:17][26] Failed:     App\Jobs\SendTenMinAlertEmailJob
[2022-04-22 16:21:17][27] Processing: App\Jobs\SendTenMinAlertEmailJob
[2022-04-22 16:21:17][27] Failed:     App\Jobs\SendTenMinAlertEmailJob
[2022-04-27 13:08:45][16] Processing: App\Jobs\SendBookingEmailJob
[2022-04-27 13:08:45][16] Failed:     App\Jobs\SendBookingEmailJob
[2022-04-27 13:08:45][17] Processing: App\Jobs\SendBookingEmailJob
[2022-04-27 13:08:45][17] Failed:     App\Jobs\SendBookingEmailJob
[2022-04-27 13:08:45][18] Processing: App\Jobs\SendBookingRequestEmailJob
[2022-04-27 13:08:45][18] Failed:     App\Jobs\SendBookingRequestEmailJob
[2022-04-27 13:08:45][19] Processing: App\Jobs\SendBookingRequestEmailJob
[2022-04-27 13:08:45][19] Failed:     App\Jobs\SendBookingRequestEmailJob
[2022-04-27 13:08:45][20] Processing: App\Jobs\SendBookingRequestEmailJob
[2022-04-27 13:08:45][20] Failed:     App\Jobs\SendBookingRequestEmailJob
[2022-04-27 13:08:45][21] Processing: App\Jobs\SendBookingRequestEmailJob
[2022-04-27 13:08:45][21] Failed:     App\Jobs\SendBookingRequestEmailJob
[2022-04-27 13:08:45][22] Processing: App\Jobs\SendBookingRequestEmailJob
[2022-04-27 13:08:45][22] Failed:     App\Jobs\SendBookingRequestEmailJob
[2022-04-27 13:08:45][23] Processing: App\Jobs\SendBookingEmailJob
[2022-04-27 13:08:45][23] Failed:     App\Jobs\SendBookingEmailJob
[2022-04-27 13:08:45][24] Processing: App\Jobs\SendBookingEmailJob
[2022-04-27 13:08:45][24] Failed:     App\Jobs\SendBookingEmailJob
[2022-04-27 13:08:45][25] Processing: App\Jobs\SendBookingRequestEmailJob
[2022-04-27 13:08:45][25] Failed:     App\Jobs\SendBookingRequestEmailJob
[2022-04-27 13:08:45][26] Processing: App\Jobs\SendBookingRequestEmailJob
[2022-04-27 13:08:45][26] Failed:     App\Jobs\SendBookingRequestEmailJob
[2022-04-27 13:08:45][27] Processing: App\Jobs\SendBookingRequestEmailJob
[2022-04-27 13:08:45][27] Failed:     App\Jobs\SendBookingRequestEmailJob
[2022-04-27 13:08:45][28] Processing: App\Jobs\SendBookingRequestEmailJob
[2022-04-27 13:08:45][28] Failed:     App\Jobs\SendBookingRequestEmailJob
[2022-04-27 13:08:45][29] Processing: App\Jobs\SendBookingEmailJob
[2022-04-27 13:08:45][29] Failed:     App\Jobs\SendBookingEmailJob
[2022-04-27 13:08:45][30] Processing: App\Jobs\SendBookingEmailJob
[2022-04-27 13:08:45][30] Failed:     App\Jobs\SendBookingEmailJob
[2022-04-27 13:08:45][31] Processing: App\Jobs\SendBookingRequestEmailJob
[2022-04-27 13:08:45][31] Failed:     App\Jobs\SendBookingRequestEmailJob
[2022-04-27 13:08:45][32] Processing: App\Jobs\SendBookingRequestEmailJob
[2022-04-27 13:08:45][32] Failed:     App\Jobs\SendBookingRequestEmailJob
[2022-04-27 13:08:45][33] Processing: App\Jobs\SendBookingEmailJob
[2022-04-27 13:08:52][33] Processed:  App\Jobs\SendBookingEmailJob
[2022-04-27 13:08:52][34] Processing: App\Jobs\SendBookingEmailJob
[2022-04-27 13:08:58][34] Processed:  App\Jobs\SendBookingEmailJob
[2022-04-27 13:08:58][35] Processing: App\Jobs\SendBookingRequestEmailJob
[2022-04-27 13:09:04][35] Processed:  App\Jobs\SendBookingRequestEmailJob
[2022-04-27 16:42:38][36] Processing: App\Jobs\SendBookingRequestEmailJob
[2022-04-27 16:42:45][36] Processed:  App\Jobs\SendBookingRequestEmailJob
[2022-04-29 10:28:56][16] Processing: App\Jobs\SendBookingEmailJob
[2022-04-29 10:28:56][16] Failed:     App\Jobs\SendBookingEmailJob
[2022-04-29 10:28:56][17] Processing: App\Jobs\SendBookingEmailJob
[2022-04-29 10:28:56][17] Failed:     App\Jobs\SendBookingEmailJob
[2022-04-29 10:28:56][18] Processing: App\Jobs\SendBookingRequestEmailJob
[2022-04-29 10:28:56][18] Failed:     App\Jobs\SendBookingRequestEmailJob
[2022-04-29 10:28:56][19] Processing: App\Jobs\SendBookingRequestEmailJob
[2022-04-29 10:28:56][19] Failed:     App\Jobs\SendBookingRequestEmailJob
[2022-04-29 10:28:56][20] Processing: App\Jobs\SendBookingRequestEmailJob
[2022-04-29 10:28:56][20] Failed:     App\Jobs\SendBookingRequestEmailJob
[2022-04-29 10:28:56][21] Processing: App\Jobs\SendBookingRequestEmailJob
[2022-04-29 10:28:56][21] Failed:     App\Jobs\SendBookingRequestEmailJob
[2022-04-29 10:28:56][22] Processing: App\Jobs\SendBookingRequestEmailJob
[2022-04-29 10:28:56][22] Failed:     App\Jobs\SendBookingRequestEmailJob
[2022-04-29 10:28:56][23] Processing: App\Jobs\SendBookingEmailJob
[2022-04-29 10:28:56][23] Failed:     App\Jobs\SendBookingEmailJob
[2022-04-29 10:28:56][24] Processing: App\Jobs\SendBookingEmailJob
[2022-04-29 10:28:56][24] Failed:     App\Jobs\SendBookingEmailJob
[2022-04-29 10:28:56][25] Processing: App\Jobs\SendBookingRequestEmailJob
[2022-04-29 10:28:56][25] Failed:     App\Jobs\SendBookingRequestEmailJob
[2022-04-29 10:28:56][26] Processing: App\Jobs\SendBookingEmailJob
[2022-04-29 10:28:56][26] Failed:     App\Jobs\SendBookingEmailJob
[2022-04-29 10:28:56][27] Processing: App\Jobs\SendBookingEmailJob
[2022-04-29 10:28:56][27] Failed:     App\Jobs\SendBookingEmailJob
[2022-04-29 10:28:56][28] Processing: App\Jobs\SendBookingRequestEmailJob
[2022-04-29 10:28:56][28] Failed:     App\Jobs\SendBookingRequestEmailJob
[2022-04-29 10:28:56][29] Processing: App\Jobs\SendBookingRequestEmailJob
[2022-04-29 10:28:56][29] Failed:     App\Jobs\SendBookingRequestEmailJob
[2022-04-29 10:28:56][30] Processing: App\Jobs\SendBookingRequestEmailJob
[2022-04-29 10:28:56][30] Failed:     App\Jobs\SendBookingRequestEmailJob
[2022-04-29 10:28:56][31] Processing: App\Jobs\SendBookingEmailJob
[2022-04-29 10:29:08][31] Processed:  App\Jobs\SendBookingEmailJob
[2022-04-29 10:29:08][32] Processing: App\Jobs\SendBookingEmailJob
[2022-04-29 10:29:19][32] Processed:  App\Jobs\SendBookingEmailJob
[2022-04-29 10:29:19][33] Processing: App\Jobs\SendBookingRequestEmailJob
[2022-04-29 10:29:25][33] Processed:  App\Jobs\SendBookingRequestEmailJob
[2022-04-29 11:01:16][34] Processing: App\Jobs\SendBookingRequestEmailJob
[2022-04-29 11:01:26][34] Processed:  App\Jobs\SendBookingRequestEmailJob
[2022-04-29 11:50:10][35] Processing: App\Jobs\SendOneHourAlertEmailJob
[2022-04-29 11:50:16][35] Processed:  App\Jobs\SendOneHourAlertEmailJob
